<?xml version="1.0" encoding="UTF-8"?>
<coverage generated="1764921460563" clover="3.2.0">
  <project timestamp="1764921460563" name="All files">
    <metrics statements="105" coveredstatements="95" conditionals="42" coveredconditionals="31" methods="29" coveredmethods="24" elements="176" coveredelements="150" complexity="0" loc="105" ncloc="105" packages="1" files="1" classes="1"/>
    <file name="script.js" path="C:\Users\sskut\Desktop\test\script.js">
      <metrics statements="105" coveredstatements="95" conditionals="42" coveredconditionals="31" methods="29" coveredmethods="24"/>
      <line num="7" count="1" type="stmt"/>
      <line num="161" count="10" type="stmt"/>
      <line num="162" count="10" type="stmt"/>
      <line num="165" count="10" type="stmt"/>
      <line num="166" count="10" type="stmt"/>
      <line num="167" count="10" type="stmt"/>
      <line num="174" count="10" type="stmt"/>
      <line num="175" count="10" type="stmt"/>
      <line num="176" count="10" type="stmt"/>
      <line num="177" count="10" type="stmt"/>
      <line num="178" count="10" type="stmt"/>
      <line num="185" count="10" type="stmt"/>
      <line num="186" count="10" type="stmt"/>
      <line num="187" count="10" type="stmt"/>
      <line num="188" count="10" type="stmt"/>
      <line num="197" count="10" type="cond" truecount="2" falsecount="0"/>
      <line num="198" count="9" type="stmt"/>
      <line num="199" count="0" type="stmt"/>
      <line num="200" count="0" type="stmt"/>
      <line num="201" count="0" type="stmt"/>
      <line num="207" count="10" type="cond" truecount="1" falsecount="1"/>
      <line num="208" count="10" type="stmt"/>
      <line num="209" count="18" type="stmt"/>
      <line num="210" count="0" type="stmt"/>
      <line num="211" count="0" type="stmt"/>
      <line num="217" count="10" type="cond" truecount="2" falsecount="0"/>
      <line num="218" count="9" type="stmt"/>
      <line num="219" count="0" type="stmt"/>
      <line num="228" count="3" type="stmt"/>
      <line num="229" count="3" type="stmt"/>
      <line num="230" count="3" type="stmt"/>
      <line num="231" count="3" type="stmt"/>
      <line num="232" count="3" type="stmt"/>
      <line num="233" count="3" type="stmt"/>
      <line num="241" count="2" type="cond" truecount="1" falsecount="1"/>
      <line num="242" count="2" type="stmt"/>
      <line num="243" count="4" type="stmt"/>
      <line num="244" count="4" type="stmt"/>
      <line num="247" count="2" type="cond" truecount="1" falsecount="1"/>
      <line num="248" count="2" type="stmt"/>
      <line num="249" count="2" type="stmt"/>
      <line num="252" count="2" type="stmt"/>
      <line num="253" count="2" type="stmt"/>
      <line num="254" count="2" type="stmt"/>
      <line num="255" count="2" type="stmt"/>
      <line num="256" count="2" type="stmt"/>
      <line num="263" count="1" type="stmt"/>
      <line num="264" count="1" type="cond" truecount="1" falsecount="1"/>
      <line num="265" count="1" type="stmt"/>
      <line num="266" count="1" type="stmt"/>
      <line num="267" count="1" type="stmt"/>
      <line num="275" count="5" type="stmt"/>
      <line num="276" count="90" type="cond" truecount="2" falsecount="0"/>
      <line num="277" count="90" type="stmt"/>
      <line num="278" count="90" type="cond" truecount="2" falsecount="0"/>
      <line num="286" count="17" type="cond" truecount="2" falsecount="0"/>
      <line num="287" count="16" type="stmt"/>
      <line num="288" count="16" type="stmt"/>
      <line num="290" count="16" type="cond" truecount="2" falsecount="0"/>
      <line num="291" count="1" type="stmt"/>
      <line num="297" count="1" type="stmt"/>
      <line num="300" count="15" type="stmt"/>
      <line num="301" count="122" type="stmt"/>
      <line num="302" count="122" type="stmt"/>
      <line num="303" count="122" type="stmt"/>
      <line num="311" count="122" type="stmt"/>
      <line num="312" count="122" type="stmt"/>
      <line num="313" count="122" type="stmt"/>
      <line num="314" count="122" type="stmt"/>
      <line num="315" count="122" type="stmt"/>
      <line num="316" count="122" type="stmt"/>
      <line num="317" count="122" type="stmt"/>
      <line num="319" count="122" type="stmt"/>
      <line num="321" count="122" type="stmt"/>
      <line num="342" count="122" type="stmt"/>
      <line num="349" count="122" type="stmt"/>
      <line num="356" count="122" type="cond" truecount="1" falsecount="1"/>
      <line num="363" count="16" type="cond" truecount="2" falsecount="0"/>
      <line num="364" count="15" type="stmt"/>
      <line num="365" count="15" type="cond" truecount="2" falsecount="0"/>
      <line num="366" count="9" type="stmt"/>
      <line num="368" count="6" type="stmt"/>
      <line num="376" count="11" type="cond" truecount="1" falsecount="1"/>
      <line num="378" count="11" type="stmt"/>
      <line num="380" count="198" type="stmt"/>
      <line num="381" count="198" type="stmt"/>
      <line num="382" count="198" type="stmt"/>
      <line num="383" count="198" type="stmt"/>
      <line num="384" count="198" type="stmt"/>
      <line num="387" count="11" type="stmt"/>
      <line num="388" count="20" type="stmt"/>
      <line num="389" count="20" type="stmt"/>
      <line num="390" count="20" type="cond" truecount="3" falsecount="1"/>
      <line num="391" count="20" type="stmt"/>
      <line num="392" count="20" type="stmt"/>
      <line num="401" count="4" type="stmt"/>
      <line num="402" count="4" type="stmt"/>
      <line num="403" count="4" type="stmt"/>
      <line num="409" count="1" type="cond" truecount="3" falsecount="1"/>
      <line num="410" count="0" type="cond" truecount="0" falsecount="2"/>
      <line num="411" count="0" type="stmt"/>
      <line num="413" count="0" type="stmt"/>
      <line num="414" count="0" type="stmt"/>
      <line num="420" count="1" type="cond" truecount="3" falsecount="1"/>
      <line num="421" count="1" type="stmt"/>
    </file>
  </project>
</coverage>
