{"C:\\Users\\sskut\\Desktop\\test\\script.js": {"path":"C:\\Users\\sskut\\Desktop\\test\\script.js","statementMap":{"0":{"start":{"line":7,"column":20},"end":{"line":155,"column":1}},"1":{"start":{"line":161,"column":8},"end":{"line":161,"column":35}},"2":{"start":{"line":162,"column":8},"end":{"line":162,"column":49}},"3":{"start":{"line":165,"column":8},"end":{"line":165,"column":35}},"4":{"start":{"line":166,"column":8},"end":{"line":166,"column":30}},"5":{"start":{"line":167,"column":8},"end":{"line":167,"column":29}},"6":{"start":{"line":174,"column":8},"end":{"line":174,"column":24}},"7":{"start":{"line":175,"column":8},"end":{"line":175,"column":26}},"8":{"start":{"line":176,"column":8},"end":{"line":176,"column":36}},"9":{"start":{"line":177,"column":8},"end":{"line":177,"column":29}},"10":{"start":{"line":178,"column":8},"end":{"line":178,"column":36}},"11":{"start":{"line":185,"column":8},"end":{"line":185,"column":66}},"12":{"start":{"line":186,"column":8},"end":{"line":186,"column":68}},"13":{"start":{"line":187,"column":8},"end":{"line":187,"column":67}},"14":{"start":{"line":188,"column":8},"end":{"line":188,"column":69}},"15":{"start":{"line":197,"column":8},"end":{"line":204,"column":9}},"16":{"start":{"line":198,"column":12},"end":{"line":203,"column":15}},"17":{"start":{"line":199,"column":16},"end":{"line":199,"column":44}},"18":{"start":{"line":200,"column":16},"end":{"line":202,"column":24}},"19":{"start":{"line":201,"column":20},"end":{"line":201,"column":54}},"20":{"start":{"line":207,"column":8},"end":{"line":214,"column":9}},"21":{"start":{"line":208,"column":12},"end":{"line":213,"column":15}},"22":{"start":{"line":209,"column":16},"end":{"line":212,"column":19}},"23":{"start":{"line":210,"column":37},"end":{"line":210,"column":60}},"24":{"start":{"line":211,"column":20},"end":{"line":211,"column":56}},"25":{"start":{"line":217,"column":8},"end":{"line":221,"column":9}},"26":{"start":{"line":218,"column":12},"end":{"line":220,"column":15}},"27":{"start":{"line":219,"column":16},"end":{"line":219,"column":38}},"28":{"start":{"line":228,"column":26},"end":{"line":228,"column":51}},"29":{"start":{"line":229,"column":8},"end":{"line":229,"column":58}},"30":{"start":{"line":230,"column":8},"end":{"line":230,"column":29}},"31":{"start":{"line":231,"column":8},"end":{"line":231,"column":29}},"32":{"start":{"line":232,"column":8},"end":{"line":232,"column":29}},"33":{"start":{"line":233,"column":8},"end":{"line":233,"column":36}},"34":{"start":{"line":241,"column":8},"end":{"line":246,"column":9}},"35":{"start":{"line":242,"column":12},"end":{"line":245,"column":15}},"36":{"start":{"line":243,"column":16},"end":{"line":243,"column":59}},"37":{"start":{"line":244,"column":16},"end":{"line":244,"column":59}},"38":{"start":{"line":247,"column":8},"end":{"line":250,"column":9}},"39":{"start":{"line":248,"column":12},"end":{"line":248,"column":55}},"40":{"start":{"line":249,"column":12},"end":{"line":249,"column":57}},"41":{"start":{"line":252,"column":8},"end":{"line":252,"column":38}},"42":{"start":{"line":253,"column":8},"end":{"line":253,"column":29}},"43":{"start":{"line":254,"column":8},"end":{"line":254,"column":29}},"44":{"start":{"line":255,"column":8},"end":{"line":255,"column":29}},"45":{"start":{"line":256,"column":8},"end":{"line":256,"column":36}},"46":{"start":{"line":263,"column":26},"end":{"line":263,"column":72}},"47":{"start":{"line":264,"column":8},"end":{"line":268,"column":9}},"48":{"start":{"line":265,"column":12},"end":{"line":265,"column":91}},"49":{"start":{"line":266,"column":12},"end":{"line":266,"column":33}},"50":{"start":{"line":267,"column":12},"end":{"line":267,"column":40}},"51":{"start":{"line":275,"column":8},"end":{"line":279,"column":11}},"52":{"start":{"line":276,"column":36},"end":{"line":276,"column":106}},"53":{"start":{"line":277,"column":34},"end":{"line":277,"column":87}},"54":{"start":{"line":278,"column":12},"end":{"line":278,"column":52}},"55":{"start":{"line":286,"column":8},"end":{"line":286,"column":38}},"56":{"start":{"line":286,"column":31},"end":{"line":286,"column":38}},"57":{"start":{"line":287,"column":30},"end":{"line":287,"column":77}},"58":{"start":{"line":288,"column":8},"end":{"line":288,"column":40}},"59":{"start":{"line":290,"column":8},"end":{"line":298,"column":9}},"60":{"start":{"line":291,"column":12},"end":{"line":296,"column":14}},"61":{"start":{"line":297,"column":12},"end":{"line":297,"column":19}},"62":{"start":{"line":300,"column":8},"end":{"line":304,"column":11}},"63":{"start":{"line":301,"column":31},"end":{"line":301,"column":67}},"64":{"start":{"line":302,"column":12},"end":{"line":302,"column":65}},"65":{"start":{"line":303,"column":12},"end":{"line":303,"column":53}},"66":{"start":{"line":311,"column":24},"end":{"line":311,"column":57}},"67":{"start":{"line":312,"column":8},"end":{"line":312,"column":42}},"68":{"start":{"line":313,"column":8},"end":{"line":313,"column":51}},"69":{"start":{"line":314,"column":8},"end":{"line":314,"column":59}},"70":{"start":{"line":315,"column":8},"end":{"line":315,"column":58}},"71":{"start":{"line":316,"column":8},"end":{"line":316,"column":74}},"72":{"start":{"line":317,"column":8},"end":{"line":317,"column":48}},"73":{"start":{"line":319,"column":24},"end":{"line":319,"column":74}},"74":{"start":{"line":321,"column":8},"end":{"line":340,"column":10}},"75":{"start":{"line":342,"column":8},"end":{"line":342,"column":23}},"76":{"start":{"line":349,"column":22},"end":{"line":355,"column":9}},"77":{"start":{"line":356,"column":8},"end":{"line":356,"column":43}},"78":{"start":{"line":363,"column":8},"end":{"line":363,"column":41}},"79":{"start":{"line":363,"column":34},"end":{"line":363,"column":41}},"80":{"start":{"line":364,"column":24},"end":{"line":364,"column":70}},"81":{"start":{"line":365,"column":8},"end":{"line":369,"column":9}},"82":{"start":{"line":366,"column":12},"end":{"line":366,"column":55}},"83":{"start":{"line":368,"column":12},"end":{"line":368,"column":55}},"84":{"start":{"line":376,"column":8},"end":{"line":376,"column":37}},"85":{"start":{"line":376,"column":30},"end":{"line":376,"column":37}},"86":{"start":{"line":378,"column":23},"end":{"line":385,"column":9}},"87":{"start":{"line":380,"column":48},"end":{"line":380,"column":74}},"88":{"start":{"line":381,"column":49},"end":{"line":381,"column":76}},"89":{"start":{"line":382,"column":41},"end":{"line":382,"column":60}},"90":{"start":{"line":383,"column":45},"end":{"line":383,"column":68}},"91":{"start":{"line":384,"column":50},"end":{"line":384,"column":78}},"92":{"start":{"line":387,"column":8},"end":{"line":394,"column":11}},"93":{"start":{"line":388,"column":29},"end":{"line":388,"column":52}},"94":{"start":{"line":389,"column":33},"end":{"line":389,"column":69}},"95":{"start":{"line":390,"column":12},"end":{"line":393,"column":13}},"96":{"start":{"line":391,"column":16},"end":{"line":391,"column":60}},"97":{"start":{"line":392,"column":16},"end":{"line":392,"column":87}},"98":{"start":{"line":401,"column":20},"end":{"line":401,"column":49}},"99":{"start":{"line":402,"column":8},"end":{"line":402,"column":32}},"100":{"start":{"line":403,"column":8},"end":{"line":403,"column":29}},"101":{"start":{"line":409,"column":0},"end":{"line":417,"column":1}},"102":{"start":{"line":410,"column":4},"end":{"line":416,"column":5}},"103":{"start":{"line":411,"column":8},"end":{"line":411,"column":35}},"104":{"start":{"line":413,"column":8},"end":{"line":415,"column":11}},"105":{"start":{"line":414,"column":12},"end":{"line":414,"column":39}},"106":{"start":{"line":420,"column":0},"end":{"line":422,"column":1}},"107":{"start":{"line":421,"column":4},"end":{"line":421,"column":52}}},"fnMap":{"0":{"name":"(anonymous_0)","decl":{"start":{"line":159,"column":4},"end":{"line":159,"column":5}},"loc":{"start":{"line":159,"column":18},"end":{"line":168,"column":5}},"line":159},"1":{"name":"(anonymous_1)","decl":{"start":{"line":173,"column":4},"end":{"line":173,"column":5}},"loc":{"start":{"line":173,"column":11},"end":{"line":179,"column":5}},"line":173},"2":{"name":"(anonymous_2)","decl":{"start":{"line":184,"column":4},"end":{"line":184,"column":5}},"loc":{"start":{"line":184,"column":15},"end":{"line":189,"column":5}},"line":184},"3":{"name":"(anonymous_3)","decl":{"start":{"line":194,"column":4},"end":{"line":194,"column":5}},"loc":{"start":{"line":194,"column":17},"end":{"line":222,"column":5}},"line":194},"4":{"name":"(anonymous_4)","decl":{"start":{"line":198,"column":55},"end":{"line":198,"column":56}},"loc":{"start":{"line":198,"column":62},"end":{"line":203,"column":13}},"line":198},"5":{"name":"(anonymous_5)","decl":{"start":{"line":200,"column":43},"end":{"line":200,"column":44}},"loc":{"start":{"line":200,"column":49},"end":{"line":202,"column":17}},"line":200},"6":{"name":"(anonymous_6)","decl":{"start":{"line":208,"column":36},"end":{"line":208,"column":37}},"loc":{"start":{"line":208,"column":46},"end":{"line":213,"column":13}},"line":208},"7":{"name":"(anonymous_7)","decl":{"start":{"line":209,"column":49},"end":{"line":209,"column":50}},"loc":{"start":{"line":209,"column":55},"end":{"line":212,"column":17}},"line":209},"8":{"name":"(anonymous_8)","decl":{"start":{"line":218,"column":58},"end":{"line":218,"column":59}},"loc":{"start":{"line":218,"column":64},"end":{"line":220,"column":13}},"line":218},"9":{"name":"(anonymous_9)","decl":{"start":{"line":227,"column":4},"end":{"line":227,"column":5}},"loc":{"start":{"line":227,"column":24},"end":{"line":234,"column":5}},"line":227},"10":{"name":"(anonymous_10)","decl":{"start":{"line":239,"column":4},"end":{"line":239,"column":5}},"loc":{"start":{"line":239,"column":35},"end":{"line":257,"column":5}},"line":239},"11":{"name":"(anonymous_11)","decl":{"start":{"line":242,"column":36},"end":{"line":242,"column":37}},"loc":{"start":{"line":242,"column":43},"end":{"line":245,"column":13}},"line":242},"12":{"name":"(anonymous_12)","decl":{"start":{"line":262,"column":4},"end":{"line":262,"column":5}},"loc":{"start":{"line":262,"column":21},"end":{"line":269,"column":5}},"line":262},"13":{"name":"(anonymous_13)","decl":{"start":{"line":274,"column":4},"end":{"line":274,"column":5}},"loc":{"start":{"line":274,"column":20},"end":{"line":280,"column":5}},"line":274},"14":{"name":"(anonymous_14)","decl":{"start":{"line":275,"column":51},"end":{"line":275,"column":52}},"loc":{"start":{"line":275,"column":61},"end":{"line":279,"column":9}},"line":275},"15":{"name":"(anonymous_15)","decl":{"start":{"line":285,"column":4},"end":{"line":285,"column":5}},"loc":{"start":{"line":285,"column":20},"end":{"line":305,"column":5}},"line":285},"16":{"name":"(anonymous_16)","decl":{"start":{"line":300,"column":30},"end":{"line":300,"column":31}},"loc":{"start":{"line":300,"column":49},"end":{"line":304,"column":9}},"line":300},"17":{"name":"(anonymous_17)","decl":{"start":{"line":310,"column":4},"end":{"line":310,"column":5}},"loc":{"start":{"line":310,"column":36},"end":{"line":343,"column":5}},"line":310},"18":{"name":"(anonymous_18)","decl":{"start":{"line":348,"column":4},"end":{"line":348,"column":5}},"loc":{"start":{"line":348,"column":30},"end":{"line":357,"column":5}},"line":348},"19":{"name":"(anonymous_19)","decl":{"start":{"line":362,"column":4},"end":{"line":362,"column":5}},"loc":{"start":{"line":362,"column":27},"end":{"line":370,"column":5}},"line":362},"20":{"name":"(anonymous_20)","decl":{"start":{"line":375,"column":4},"end":{"line":375,"column":5}},"loc":{"start":{"line":375,"column":27},"end":{"line":395,"column":5}},"line":375},"21":{"name":"(anonymous_21)","decl":{"start":{"line":380,"column":43},"end":{"line":380,"column":44}},"loc":{"start":{"line":380,"column":48},"end":{"line":380,"column":74}},"line":380},"22":{"name":"(anonymous_22)","decl":{"start":{"line":381,"column":44},"end":{"line":381,"column":45}},"loc":{"start":{"line":381,"column":49},"end":{"line":381,"column":76}},"line":381},"23":{"name":"(anonymous_23)","decl":{"start":{"line":382,"column":36},"end":{"line":382,"column":37}},"loc":{"start":{"line":382,"column":41},"end":{"line":382,"column":60}},"line":382},"24":{"name":"(anonymous_24)","decl":{"start":{"line":383,"column":40},"end":{"line":383,"column":41}},"loc":{"start":{"line":383,"column":45},"end":{"line":383,"column":68}},"line":383},"25":{"name":"(anonymous_25)","decl":{"start":{"line":384,"column":45},"end":{"line":384,"column":46}},"loc":{"start":{"line":384,"column":50},"end":{"line":384,"column":78}},"line":384},"26":{"name":"(anonymous_26)","decl":{"start":{"line":387,"column":32},"end":{"line":387,"column":33}},"loc":{"start":{"line":387,"column":42},"end":{"line":394,"column":9}},"line":387},"27":{"name":"(anonymous_27)","decl":{"start":{"line":400,"column":4},"end":{"line":400,"column":5}},"loc":{"start":{"line":400,"column":25},"end":{"line":404,"column":5}},"line":400},"28":{"name":"(anonymous_28)","decl":{"start":{"line":413,"column":54},"end":{"line":413,"column":55}},"loc":{"start":{"line":413,"column":60},"end":{"line":415,"column":9}},"line":413}},"branchMap":{"0":{"loc":{"start":{"line":197,"column":8},"end":{"line":204,"column":9}},"type":"if","locations":[{"start":{"line":197,"column":8},"end":{"line":204,"column":9}},{"start":{},"end":{}}],"line":197},"1":{"loc":{"start":{"line":207,"column":8},"end":{"line":214,"column":9}},"type":"if","locations":[{"start":{"line":207,"column":8},"end":{"line":214,"column":9}},{"start":{},"end":{}}],"line":207},"2":{"loc":{"start":{"line":217,"column":8},"end":{"line":221,"column":9}},"type":"if","locations":[{"start":{"line":217,"column":8},"end":{"line":221,"column":9}},{"start":{},"end":{}}],"line":217},"3":{"loc":{"start":{"line":241,"column":8},"end":{"line":246,"column":9}},"type":"if","locations":[{"start":{"line":241,"column":8},"end":{"line":246,"column":9}},{"start":{},"end":{}}],"line":241},"4":{"loc":{"start":{"line":247,"column":8},"end":{"line":250,"column":9}},"type":"if","locations":[{"start":{"line":247,"column":8},"end":{"line":250,"column":9}},{"start":{},"end":{}}],"line":247},"5":{"loc":{"start":{"line":264,"column":8},"end":{"line":268,"column":9}},"type":"if","locations":[{"start":{"line":264,"column":8},"end":{"line":268,"column":9}},{"start":{},"end":{}}],"line":264},"6":{"loc":{"start":{"line":276,"column":36},"end":{"line":276,"column":106}},"type":"binary-expr","locations":[{"start":{"line":276,"column":36},"end":{"line":276,"column":64}},{"start":{"line":276,"column":68},"end":{"line":276,"column":106}}],"line":276},"7":{"loc":{"start":{"line":278,"column":19},"end":{"line":278,"column":51}},"type":"binary-expr","locations":[{"start":{"line":278,"column":19},"end":{"line":278,"column":34}},{"start":{"line":278,"column":38},"end":{"line":278,"column":51}}],"line":278},"8":{"loc":{"start":{"line":286,"column":8},"end":{"line":286,"column":38}},"type":"if","locations":[{"start":{"line":286,"column":8},"end":{"line":286,"column":38}},{"start":{},"end":{}}],"line":286},"9":{"loc":{"start":{"line":290,"column":8},"end":{"line":298,"column":9}},"type":"if","locations":[{"start":{"line":290,"column":8},"end":{"line":298,"column":9}},{"start":{},"end":{}}],"line":290},"10":{"loc":{"start":{"line":356,"column":15},"end":{"line":356,"column":42}},"type":"binary-expr","locations":[{"start":{"line":356,"column":15},"end":{"line":356,"column":30}},{"start":{"line":356,"column":34},"end":{"line":356,"column":42}}],"line":356},"11":{"loc":{"start":{"line":363,"column":8},"end":{"line":363,"column":41}},"type":"if","locations":[{"start":{"line":363,"column":8},"end":{"line":363,"column":41}},{"start":{},"end":{}}],"line":363},"12":{"loc":{"start":{"line":365,"column":8},"end":{"line":369,"column":9}},"type":"if","locations":[{"start":{"line":365,"column":8},"end":{"line":369,"column":9}},{"start":{"line":367,"column":15},"end":{"line":369,"column":9}}],"line":365},"13":{"loc":{"start":{"line":376,"column":8},"end":{"line":376,"column":37}},"type":"if","locations":[{"start":{"line":376,"column":8},"end":{"line":376,"column":37}},{"start":{},"end":{}}],"line":376},"14":{"loc":{"start":{"line":390,"column":12},"end":{"line":393,"column":13}},"type":"if","locations":[{"start":{"line":390,"column":12},"end":{"line":393,"column":13}},{"start":{},"end":{}}],"line":390},"15":{"loc":{"start":{"line":390,"column":16},"end":{"line":390,"column":62}},"type":"binary-expr","locations":[{"start":{"line":390,"column":16},"end":{"line":390,"column":28}},{"start":{"line":390,"column":32},"end":{"line":390,"column":62}}],"line":390},"16":{"loc":{"start":{"line":409,"column":0},"end":{"line":417,"column":1}},"type":"if","locations":[{"start":{"line":409,"column":0},"end":{"line":417,"column":1}},{"start":{},"end":{}}],"line":409},"17":{"loc":{"start":{"line":409,"column":4},"end":{"line":409,"column":68}},"type":"binary-expr","locations":[{"start":{"line":409,"column":4},"end":{"line":409,"column":35}},{"start":{"line":409,"column":39},"end":{"line":409,"column":68}}],"line":409},"18":{"loc":{"start":{"line":410,"column":4},"end":{"line":416,"column":5}},"type":"if","locations":[{"start":{"line":410,"column":4},"end":{"line":416,"column":5}},{"start":{"line":412,"column":11},"end":{"line":416,"column":5}}],"line":410},"19":{"loc":{"start":{"line":420,"column":0},"end":{"line":422,"column":1}},"type":"if","locations":[{"start":{"line":420,"column":0},"end":{"line":422,"column":1}},{"start":{},"end":{}}],"line":420},"20":{"loc":{"start":{"line":420,"column":4},"end":{"line":420,"column":51}},"type":"binary-expr","locations":[{"start":{"line":420,"column":4},"end":{"line":420,"column":33}},{"start":{"line":420,"column":37},"end":{"line":420,"column":51}}],"line":420}},"s":{"0":1,"1":10,"2":10,"3":10,"4":10,"5":10,"6":10,"7":10,"8":10,"9":10,"10":10,"11":10,"12":10,"13":10,"14":10,"15":10,"16":9,"17":0,"18":0,"19":0,"20":10,"21":10,"22":18,"23":0,"24":0,"25":10,"26":9,"27":0,"28":3,"29":3,"30":3,"31":3,"32":3,"33":3,"34":2,"35":2,"36":4,"37":4,"38":2,"39":2,"40":2,"41":2,"42":2,"43":2,"44":2,"45":2,"46":1,"47":1,"48":1,"49":1,"50":1,"51":5,"52":90,"53":90,"54":90,"55":17,"56":1,"57":16,"58":16,"59":16,"60":1,"61":1,"62":15,"63":122,"64":122,"65":122,"66":122,"67":122,"68":122,"69":122,"70":122,"71":122,"72":122,"73":122,"74":122,"75":122,"76":122,"77":122,"78":16,"79":1,"80":15,"81":15,"82":9,"83":6,"84":11,"85":0,"86":11,"87":198,"88":198,"89":198,"90":198,"91":198,"92":11,"93":20,"94":20,"95":20,"96":20,"97":20,"98":4,"99":4,"100":4,"101":1,"102":0,"103":0,"104":0,"105":0,"106":1,"107":1},"f":{"0":10,"1":10,"2":10,"3":10,"4":0,"5":0,"6":18,"7":0,"8":0,"9":3,"10":2,"11":4,"12":1,"13":5,"14":90,"15":17,"16":122,"17":122,"18":122,"19":16,"20":11,"21":198,"22":198,"23":198,"24":198,"25":198,"26":20,"27":4,"28":0},"b":{"0":[9,1],"1":[10,0],"2":[9,1],"3":[2,0],"4":[2,0],"5":[1,0],"6":[90,54],"7":[90,46],"8":[1,16],"9":[1,15],"10":[122,0],"11":[1,15],"12":[9,6],"13":[0,11],"14":[20,0],"15":[20,20],"16":[0,1],"17":[1,1],"18":[0,0],"19":[1,0],"20":[1,1]},"_coverageSchema":"1a1c01bbd47fc00a2c39e90264f33305004495a9","hash":"7e3fe3d4b4b4657845fd1fa5a04e33113989d616"}
}
