TN:
SF:script.js
FN:159,(anonymous_0)
FN:173,(anonymous_1)
FN:184,(anonymous_2)
FN:194,(anonymous_3)
FN:198,(anonymous_4)
FN:200,(anonymous_5)
FN:208,(anonymous_6)
FN:209,(anonymous_7)
FN:218,(anonymous_8)
FN:227,(anonymous_9)
FN:239,(anonymous_10)
FN:242,(anonymous_11)
FN:262,(anonymous_12)
FN:274,(anonymous_13)
FN:275,(anonymous_14)
FN:285,(anonymous_15)
FN:300,(anonymous_16)
FN:310,(anonymous_17)
FN:348,(anonymous_18)
FN:362,(anonymous_19)
FN:375,(anonymous_20)
FN:380,(anonymous_21)
FN:381,(anonymous_22)
FN:382,(anonymous_23)
FN:383,(anonymous_24)
FN:384,(anonymous_25)
FN:387,(anonymous_26)
FN:400,(anonymous_27)
FN:413,(anonymous_28)
FNF:29
FNH:24
FNDA:10,(anonymous_0)
FNDA:10,(anonymous_1)
FNDA:10,(anonymous_2)
FNDA:10,(anonymous_3)
FNDA:0,(anonymous_4)
FNDA:0,(anonymous_5)
FNDA:18,(anonymous_6)
FNDA:0,(anonymous_7)
FNDA:0,(anonymous_8)
FNDA:3,(anonymous_9)
FNDA:2,(anonymous_10)
FNDA:4,(anonymous_11)
FNDA:1,(anonymous_12)
FNDA:5,(anonymous_13)
FNDA:90,(anonymous_14)
FNDA:17,(anonymous_15)
FNDA:122,(anonymous_16)
FNDA:122,(anonymous_17)
FNDA:122,(anonymous_18)
FNDA:16,(anonymous_19)
FNDA:11,(anonymous_20)
FNDA:198,(anonymous_21)
FNDA:198,(anonymous_22)
FNDA:198,(anonymous_23)
FNDA:198,(anonymous_24)
FNDA:198,(anonymous_25)
FNDA:20,(anonymous_26)
FNDA:4,(anonymous_27)
FNDA:0,(anonymous_28)
DA:7,1
DA:161,10
DA:162,10
DA:165,10
DA:166,10
DA:167,10
DA:174,10
DA:175,10
DA:176,10
DA:177,10
DA:178,10
DA:185,10
DA:186,10
DA:187,10
DA:188,10
DA:197,10
DA:198,9
DA:199,0
DA:200,0
DA:201,0
DA:207,10
DA:208,10
DA:209,18
DA:210,0
DA:211,0
DA:217,10
DA:218,9
DA:219,0
DA:228,3
DA:229,3
DA:230,3
DA:231,3
DA:232,3
DA:233,3
DA:241,2
DA:242,2
DA:243,4
DA:244,4
DA:247,2
DA:248,2
DA:249,2
DA:252,2
DA:253,2
DA:254,2
DA:255,2
DA:256,2
DA:263,1
DA:264,1
DA:265,1
DA:266,1
DA:267,1
DA:275,5
DA:276,90
DA:277,90
DA:278,90
DA:286,17
DA:287,16
DA:288,16
DA:290,16
DA:291,1
DA:297,1
DA:300,15
DA:301,122
DA:302,122
DA:303,122
DA:311,122
DA:312,122
DA:313,122
DA:314,122
DA:315,122
DA:316,122
DA:317,122
DA:319,122
DA:321,122
DA:342,122
DA:349,122
DA:356,122
DA:363,16
DA:364,15
DA:365,15
DA:366,9
DA:368,6
DA:376,11
DA:378,11
DA:380,198
DA:381,198
DA:382,198
DA:383,198
DA:384,198
DA:387,11
DA:388,20
DA:389,20
DA:390,20
DA:391,20
DA:392,20
DA:401,4
DA:402,4
DA:403,4
DA:409,1
DA:410,0
DA:411,0
DA:413,0
DA:414,0
DA:420,1
DA:421,1
LF:105
LH:95
BRDA:197,0,0,9
BRDA:197,0,1,1
BRDA:207,1,0,10
BRDA:207,1,1,0
BRDA:217,2,0,9
BRDA:217,2,1,1
BRDA:241,3,0,2
BRDA:241,3,1,0
BRDA:247,4,0,2
BRDA:247,4,1,0
BRDA:264,5,0,1
BRDA:264,5,1,0
BRDA:276,6,0,90
BRDA:276,6,1,54
BRDA:278,7,0,90
BRDA:278,7,1,46
BRDA:286,8,0,1
BRDA:286,8,1,16
BRDA:290,9,0,1
BRDA:290,9,1,15
BRDA:356,10,0,122
BRDA:356,10,1,0
BRDA:363,11,0,1
BRDA:363,11,1,15
BRDA:365,12,0,9
BRDA:365,12,1,6
BRDA:376,13,0,0
BRDA:376,13,1,11
BRDA:390,14,0,20
BRDA:390,14,1,0
BRDA:390,15,0,20
BRDA:390,15,1,20
BRDA:409,16,0,0
BRDA:409,16,1,1
BRDA:409,17,0,1
BRDA:409,17,1,1
BRDA:410,18,0,0
BRDA:410,18,1,0
BRDA:420,19,0,1
BRDA:420,19,1,0
BRDA:420,20,0,1
BRDA:420,20,1,1
BRF:42
BRH:31
end_of_record
